
------------------------
1.1. Número de proyectos
------------------------

( ?numberOfProyects = 28 )

------------------------
1.2. Número de laboratorios
------------------------

( ?numberOfLabs = 80 )
( ?title = "1.3 Million Brain Cells from E18 Mice" ) ( ?lab = "Human Cell Atlas Data Coordination Platform" )
( ?title = "A Single-Cell Transcriptomic Map of the Human and Mouse Pancreas Reveals Inter- and Intra-cell Population Structure" ) ( ?lab = "Center for the Science of Therapeutics" )
( ?title = "A Single-Cell Transcriptomic Map of the Human and Mouse Pancreas Reveals Inter- and Intra-cell Population Structure" ) ( ?lab = "Department of Immunology, Faculty of Medicine" )
( ?title = "A Single-Cell Transcriptomic Map of the Human and Mouse Pancreas Reveals Inter- and Intra-cell Population Structure" ) ( ?lab = "Department of Stem Cell and Regenerative Biology" )
( ?title = "A Single-Cell Transcriptomic Map of the Human and Mouse Pancreas Reveals Inter- and Intra-cell Population Structure" ) ( ?lab = "Department of Systems Biology" )
( ?title = "A Single-Cell Transcriptomic Map of the Human and Mouse Pancreas Reveals Inter- and Intra-cell Population Structure" ) ( ?lab = "Faculty of Biology" )
( ?title = "A Single-Cell Transcriptomic Map of the Human and Mouse Pancreas Reveals Inter- and Intra-cell Population Structure" ) ( ?lab = "Human Cell Atlas Data Coordination Platform" )
( ?title = "A single-cell reference map of transcriptional states for human blood and tissue T cell activation" ) ( ?lab = "Farber Lab; Columbia Center for Translational Immunology" )
( ?title = "A single-cell reference map of transcriptional states for human blood and tissue T cell activation" ) ( ?lab = "Human Cell Atlas Data Coordination Platform" )
( ?title = "A single-cell reference map of transcriptional states for human blood and tissue T cell activation" ) ( ?lab = "Sims Lab; Department of Systems Biology" )
( ?title = "A single-cell transcriptome atlas of the adult human retina" ) ( ?lab = "Cellular Reprogramming Unit" )
( ?title = "A single-cell transcriptome atlas of the adult human retina" ) ( ?lab = "Clinical Genetics Unit" )
( ?title = "A single-cell transcriptome atlas of the adult human retina" ) ( ?lab = "Department of Chemistry and Biotechnology" )
( ?title = "A single-cell transcriptome atlas of the adult human retina" ) ( ?lab = "Garvan‐Weizmann Centre for Cellular Genomics" )
( ?title = "A single-cell transcriptome atlas of the adult human retina" ) ( ?lab = "Human Cell Atlas Data Coordination Platform" )
( ?title = "A single-cell transcriptome atlas of the adult human retina" ) ( ?lab = "Institute for Molecular Bioscience" )
( ?title = "A single-cell transcriptome atlas of the adult human retina" ) ( ?lab = "John Curtin School of Medical Research" )
( ?title = "A single-cell transcriptome atlas of the adult human retina" ) ( ?lab = "Lions Eye Donation Services" )
( ?title = "A single-cell transcriptome atlas of the adult human retina" ) ( ?lab = "National Institute for Aging" )
( ?title = "A single-cell transcriptome atlas of the adult human retina" ) ( ?lab = "Save Sight Institute" )
( ?title = "A single-cell transcriptome atlas of the adult human retina" ) ( ?lab = "Stem Cells and Regenerative Medicine Section, NIHR Great Ormond Street Hospital Biomedical Research Centre" )
( ?title = "Assessing the relevance of organoids to model inter-individual variation" ) ( ?lab = "Human Cell Atlas Data Coordination Platform" )
( ?title = "Bone marrow plasma cells from hip replacement surgeries" ) ( ?lab = "Human Cell Atlas Data Coordination Platform" )
( ?title = "Bone marrow plasma cells from hip replacement surgeries" ) ( ?lab = "Prof. Ido Amit" )
( ?title = "Cell hashing with barcoded antibodies enables multiplexing and doublet detection for single cell genomics" ) ( ?lab = "Human Cell Atlas Data Coordination Platform" )
( ?title = "Cell hashing with barcoded antibodies enables multiplexing and doublet detection for single cell genomics" ) ( ?lab = "Satija Lab" )
( ?title = "Cell hashing with barcoded antibodies enables multiplexing and doublet detection for single cell genomics" ) ( ?lab = "Technology Development and Innovation" )
( ?title = "Census of Immune Cells" ) ( ?lab = "Human Cell Atlas Data Coordination Platform" )
( ?title = "Census of Immune Cells" ) ( ?lab = "Regev Lab" )
( ?title = "Comparison, calibration, and benchmarking of high-throughput single cell RNA-Seq techniques for unbiased cell-type classification" ) ( ?lab = "Basu" )
( ?title = "Comparison, calibration, and benchmarking of high-throughput single cell RNA-Seq techniques for unbiased cell-type classification" ) ( ?lab = "Human Cell Atlas Data Coordination Platform" )
( ?title = "Comparison, calibration, and benchmarking of high-throughput single cell RNA-Seq techniques for unbiased cell-type classification" ) ( ?lab = "Pott" )
( ?title = "Dissecting the human liver cellular landscape by single cell RNA-seq reveals novel intrahepatic monocyte/ macrophage populations" ) ( ?lab = "Adeyi" )
( ?title = "Dissecting the human liver cellular landscape by single cell RNA-seq reveals novel intrahepatic monocyte/ macrophage populations" ) ( ?lab = "Bader" )
( ?title = "Dissecting the human liver cellular landscape by single cell RNA-seq reveals novel intrahepatic monocyte/ macrophage populations" ) ( ?lab = "Fish" )
( ?title = "Dissecting the human liver cellular landscape by single cell RNA-seq reveals novel intrahepatic monocyte/ macrophage populations" ) ( ?lab = "Ghanekar" )
( ?title = "Dissecting the human liver cellular landscape by single cell RNA-seq reveals novel intrahepatic monocyte/ macrophage populations" ) ( ?lab = "Grant" )
( ?title = "Dissecting the human liver cellular landscape by single cell RNA-seq reveals novel intrahepatic monocyte/ macrophage populations" ) ( ?lab = "Greig" )
( ?title = "Dissecting the human liver cellular landscape by single cell RNA-seq reveals novel intrahepatic monocyte/ macrophage populations" ) ( ?lab = "Human Cell Atlas Data Coordination Platform" )
( ?title = "Dissecting the human liver cellular landscape by single cell RNA-seq reveals novel intrahepatic monocyte/ macrophage populations" ) ( ?lab = "Keller" )
( ?title = "Dissecting the human liver cellular landscape by single cell RNA-seq reveals novel intrahepatic monocyte/ macrophage populations" ) ( ?lab = "MacParland" )
( ?title = "Dissecting the human liver cellular landscape by single cell RNA-seq reveals novel intrahepatic monocyte/ macrophage populations" ) ( ?lab = "McGilvray" )
( ?title = "Dissecting the human liver cellular landscape by single cell RNA-seq reveals novel intrahepatic monocyte/ macrophage populations" ) ( ?lab = "Sapisochin" )
( ?title = "Dissecting the human liver cellular landscape by single cell RNA-seq reveals novel intrahepatic monocyte/ macrophage populations" ) ( ?lab = "Selzner" )
( ?title = "Dissecting the human liver cellular landscape by single cell RNA-seq reveals novel intrahepatic monocyte/ macrophage populations" ) ( ?lab = "Wilson" )
( ?title = "Dissecting the human liver cellular landscape by single cell RNA-seq reveals novel intrahepatic monocyte/ macrophage populations" ) ( ?lab = "Winegarden" )
( ?title = "Ischaemic sensitivity of human tissue by single cell RNA seq" ) ( ?lab = "CGaP" )
( ?title = "Ischaemic sensitivity of human tissue by single cell RNA seq" ) ( ?lab = "Cambridge Biorepository for Translational Medicine" )
( ?title = "Ischaemic sensitivity of human tissue by single cell RNA seq" ) ( ?lab = "Human Cell Atlas (Mike Stubbington)" )
( ?title = "Ischaemic sensitivity of human tissue by single cell RNA seq" ) ( ?lab = "Human Cell Atlas (Sarah Teichmann)" )
( ?title = "Ischaemic sensitivity of human tissue by single cell RNA seq" ) ( ?lab = "Human Cell Atlas Data Coordination Platform" )
( ?title = "Ischaemic sensitivity of human tissue by single cell RNA seq" ) ( ?lab = "Human Cell Atlas UK" )
( ?title = "Ischaemic sensitivity of human tissue by single cell RNA seq" ) ( ?lab = "Molecular Immunity Unit, Department of Medicine" )
( ?title = "Ischaemic sensitivity of human tissue by single cell RNA seq" ) ( ?lab = "Oliver Stegle Group" )
( ?title = "Ischaemic sensitivity of human tissue by single cell RNA seq" ) ( ?lab = "Rebecca Fitzgerald" )
( ?title = "Ischaemic sensitivity of human tissue by single cell RNA seq" ) ( ?lab = "Sarah Teichmann Lab" )
( ?title = "Melanoma infiltration of stromal and immune cells" ) ( ?lab = "Human Cell Atlas Data Coordination Platform" )
( ?title = "Melanoma infiltration of stromal and immune cells" ) ( ?lab = "Institute of Cellular Medicine" )
( ?title = "Melanoma infiltration of stromal and immune cells" ) ( ?lab = "MRC Cancer Unit" )
( ?title = "Melanoma infiltration of stromal and immune cells" ) ( ?lab = "Sarah Teichmann" )
( ?title = "Precursors of human CD4+ cytotoxic T lymphocytes identified by single-cell transcriptome analysis" ) ( ?lab = "Division of Vaccine Discovery" )
( ?title = "Precursors of human CD4+ cytotoxic T lymphocytes identified by single-cell transcriptome analysis" ) ( ?lab = "Human Cell Atlas Data Coordination Platform" )
( ?title = "Precursors of human CD4+ cytotoxic T lymphocytes identified by single-cell transcriptome analysis" ) ( ?lab = "Molecular Atlas" )
( ?title = "Profiling of CD34+ cells from human bone marrow to understand hematopoiesis" ) ( ?lab = "Human Cell Atlas Data Coordination Platform" )
( ?title = "Profiling of CD34+ cells from human bone marrow to understand hematopoiesis" ) ( ?lab = "Pe'er" )
( ?title = "Reconstructing the human first trimester fetal-maternal interface using single cell transcriptomics" ) ( ?lab = "ArrayExpress" )
( ?title = "Reconstructing the human first trimester fetal-maternal interface using single cell transcriptomics" ) ( ?lab = "Centre for Trophoblast Research" )
( ?title = "Reconstructing the human first trimester fetal-maternal interface using single cell transcriptomics" ) ( ?lab = "Human Cell Atlas Data Coordination Platform" )
( ?title = "Reconstructing the human first trimester fetal-maternal interface using single cell transcriptomics" ) ( ?lab = "Institute of Cellular Medicine" )
( ?title = "Single Cell Transcriptomics of a Human Kidney Allograft Biopsy Defines a Diverse Inflammatory Response" ) ( ?lab = "Human Cell Atlas Data Coordination Platform" )
( ?title = "Single Cell Transcriptomics of a Human Kidney Allograft Biopsy Defines a Diverse Inflammatory Response" ) ( ?lab = "The Humphreys' Lab" )
( ?title = "Single cell profiling of human induced dendritic cells generated by direct reprogramming of embryonic fibroblasts" ) ( ?lab = "Center for Neurobiology and Brain Restoration" )
( ?title = "Single cell profiling of human induced dendritic cells generated by direct reprogramming of embryonic fibroblasts" ) ( ?lab = "Department of Laboratory Medicine" )
( ?title = "Single cell profiling of human induced dendritic cells generated by direct reprogramming of embryonic fibroblasts" ) ( ?lab = "Human Cell Atlas Data coordination Platform" )
( ?title = "Single cell transcriptome analysis of human pancreas reveals transcriptional signatures of aging and somatic mutation patterns." ) ( ?lab = "Human Cell Atlas Data Coordination Platform" )
( ?title = "Single cell transcriptome analysis of human pancreas reveals transcriptional signatures of aging and somatic mutation patterns." ) ( ?lab = "Molecular Atlas" )
( ?title = "Single-cell RNA-seq analysis  throughout a 125-day differentiation protocol that converted H1 human embryonic stem cells to a variety of ventrally-derived cell types." ) ( ?lab = "Human Cell Atlas Data Coordination Platform" )
( ?title = "Single-cell RNA-seq analysis  throughout a 125-day differentiation protocol that converted H1 human embryonic stem cells to a variety of ventrally-derived cell types." ) ( ?lab = "Molecular Atlas" )
( ?title = "Single-cell RNA-seq analysis of human pancreas from healthy individuals and type 2 diabetes patients" ) ( ?lab = "Department of Cell and Molecular Biology (CMB)" )
( ?title = "Single-cell RNA-seq analysis of human pancreas from healthy individuals and type 2 diabetes patients" ) ( ?lab = "Human Cell Atlas Data Coordination Platform" )
( ?title = "Single-cell RNA-seq analysis of human pancreas from healthy individuals and type 2 diabetes patients" ) ( ?lab = "Molecular Atlas" )
( ?title = "Spatio-temporal immune zonation of the human kidney" ) ( ?lab = "Behjati Lab" )
( ?title = "Spatio-temporal immune zonation of the human kidney" ) ( ?lab = "Clatworthy Lab" )
( ?title = "Spatio-temporal immune zonation of the human kidney" ) ( ?lab = "Haniffa Lab" )
( ?title = "Spatio-temporal immune zonation of the human kidney" ) ( ?lab = "Human Cell Atlas Data Coordination Platform" )
( ?title = "Spatio-temporal immune zonation of the human kidney" ) ( ?lab = "Teichmann Lab" )
( ?title = "Structural Remodeling of the Human Colonic Mesenchyme in Inflammatory Bowel Disease" ) ( ?lab = "Human Cell Atlas Data Coordination Platform" )
( ?title = "Structural Remodeling of the Human Colonic Mesenchyme in Inflammatory Bowel Disease" ) ( ?lab = "Kennedy Institute of Rheumatology" )
( ?title = "Structural Remodeling of the Human Colonic Mesenchyme in Inflammatory Bowel Disease" ) ( ?lab = "MRC Human Immunology Unit, MRC Weatherall Institute of Molecular Medicine" )
( ?title = "Structural Remodeling of the Human Colonic Mesenchyme in Inflammatory Bowel Disease" ) ( ?lab = "Translational Development" )
( ?title = "Structural Remodeling of the Human Colonic Mesenchyme in Inflammatory Bowel Disease" ) ( ?lab = "Weatherall Institute of Molecular Medicine" )
( ?title = "Structural Remodeling of the Human Colonic Mesenchyme in Inflammatory Bowel Disease" ) ( ?lab = "Wellcome Trust Centre for Human Genetics" )
( ?title = "Systematic comparative analysis of single cell RNA-sequencing methods" ) ( ?lab = "Human Cell Atlas Data Coordination Platform" )
( ?title = "Systematic comparative analysis of single cell RNA-sequencing methods" ) ( ?lab = "Klarman Cell Observatory" )
( ?title = "Systematic comparative analysis of single cell RNA-sequencing methods" ) ( ?lab = "McGovern Institute for Brain Research" )
( ?title = "Tabula Muris: Transcriptomic characterization of 20 organs and tissues from Mus musculus at single cell resolution" ) ( ?lab = "Quake" )
( ?title = "The Single Cell Transcriptomic Landscape of Early Human Diabetic Nephropathy" ) ( ?lab = "Department of Medicine, Division of Nephrology" )
( ?title = "The Single Cell Transcriptomic Landscape of Early Human Diabetic Nephropathy" ) ( ?lab = "Department of Medicine, Division of Renal Medicine" )
( ?title = "The Single Cell Transcriptomic Landscape of Early Human Diabetic Nephropathy" ) ( ?lab = "Department of Pathology and Immunology" )
( ?title = "The Single Cell Transcriptomic Landscape of Early Human Diabetic Nephropathy" ) ( ?lab = "Department of Pathology, Brigham and Women’s Hospital" )
( ?title = "The Single Cell Transcriptomic Landscape of Early Human Diabetic Nephropathy" ) ( ?lab = "Human Cell Atlas Data Coordination Platform" )
( ?title = "The emergent landscape of the mouse gut endoderm at single-cell resolution" ) ( ?lab = "Computational and Systems Biology Program" )
( ?title = "The emergent landscape of the mouse gut endoderm at single-cell resolution" ) ( ?lab = "Developmental Biology Program" )
( ?title = "The emergent landscape of the mouse gut endoderm at single-cell resolution" ) ( ?lab = "Human Cell Atlas Data Coordination Platform" )
( ?title = "The emergent landscape of the mouse gut endoderm at single-cell resolution" ) ( ?lab = "Medical Genetics" )
( ?title = "Transcriptomic classification of human retinal cell types with single-nuclei RNA-seq." ) ( ?lab = "Department of Ophthalmology and Visual Sciences" )
( ?title = "Transcriptomic classification of human retinal cell types with single-nuclei RNA-seq." ) ( ?lab = "Human Genome Sequencing Center, Department of Molecular and Human Genetics," )

------------------------
1.3. Número de especímenes
------------------------

( ?numberOfSpecimens = 800 )

( ?project = "1.3 Million Brain Cells from E18 Mice" ) ( ?numberOfSpecimens = 2 )
( ?project = "A Single-Cell Transcriptomic Map of the Human and Mouse Pancreas Reveals Inter- and Intra-cell Population Structure" ) ( ?numberOfSpecimens = 6 )
( ?project = "A single-cell molecular map of mouse gastrulation and early organogenesis" ) ( ?numberOfSpecimens = 26 )
( ?project = "A single-cell reference map of transcriptional states for human blood and tissue T cell activation" ) ( ?numberOfSpecimens = 16 )
( ?project = "A single-cell transcriptome atlas of the adult human retina" ) ( ?numberOfSpecimens = 3 )
( ?project = "Assessing the relevance of organoids to model inter-individual variation" ) ( ?numberOfSpecimens = 12 )
( ?project = "Bone marrow plasma cells from hip replacement surgeries" ) ( ?numberOfSpecimens = 12 )
( ?project = "Cell hashing with barcoded antibodies enables multiplexing and doublet detection for single cell genomics" ) ( ?numberOfSpecimens = 8 )
( ?project = "Census of Immune Cells" ) ( ?numberOfSpecimens = 127 )
( ?project = "Comparison, calibration, and benchmarking of high-throughput single cell RNA-Seq techniques for unbiased cell-type classification" ) ( ?numberOfSpecimens = 9 )
( ?project = "Dissecting the human liver cellular landscape by single cell RNA-seq reveals novel intrahepatic monocyte/ macrophage populations" ) ( ?numberOfSpecimens = 5 )
( ?project = "Ischaemic sensitivity of human tissue by single cell RNA seq" ) ( ?numberOfSpecimens = 147 )
( ?project = "Melanoma infiltration of stromal and immune cells" ) ( ?numberOfSpecimens = 54 )
( ?project = "Precursors of human CD4+ cytotoxic T lymphocytes identified by single-cell transcriptome analysis" ) ( ?numberOfSpecimens = 28 )
( ?project = "Profiling of CD34+ cells from human bone marrow to understand hematopoiesis" ) ( ?numberOfSpecimens = 3 )
( ?project = "Reconstructing the human first trimester fetal-maternal interface using single cell transcriptomics" ) ( ?numberOfSpecimens = 22 )
( ?project = "Single Cell Transcriptomics of a Human Kidney Allograft Biopsy Defines a Diverse Inflammatory Response" ) ( ?numberOfSpecimens = 1 )
( ?project = "Single cell profiling of human induced dendritic cells generated by direct reprogramming of embryonic fibroblasts" ) ( ?numberOfSpecimens = 3 )
( ?project = "Single cell transcriptome analysis of human pancreas reveals transcriptional signatures of aging and somatic mutation patterns." ) ( ?numberOfSpecimens = 8 )
( ?project = "Single-cell RNA-seq analysis  throughout a 125-day differentiation protocol that converted H1 human embryonic stem cells to a variety of ventrally-derived cell types." ) ( ?numberOfSpecimens = 4 )
( ?project = "Single-cell RNA-seq analysis of human pancreas from healthy individuals and type 2 diabetes patients" ) ( ?numberOfSpecimens = 10 )
( ?project = "Spatio-temporal immune zonation of the human kidney" ) ( ?numberOfSpecimens = 15 )
( ?project = "Structural Remodeling of the Human Colonic Mesenchyme in Inflammatory Bowel Disease" ) ( ?numberOfSpecimens = 19 )
( ?project = "Systematic comparative analysis of single cell RNA-sequencing methods" ) ( ?numberOfSpecimens = 4 )
( ?project = "Tabula Muris: Transcriptomic characterization of 20 organs and tissues from Mus musculus at single cell resolution" ) ( ?numberOfSpecimens = 222 )
( ?project = "The Single Cell Transcriptomic Landscape of Early Human Diabetic Nephropathy" ) ( ?numberOfSpecimens = 6 )
( ?project = "The emergent landscape of the mouse gut endoderm at single-cell resolution" ) ( ?numberOfSpecimens = 21 )
( ?project = "Transcriptomic classification of human retinal cell types with single-nuclei RNA-seq." ) ( ?numberOfSpecimens = 7 )

( ?specimenCountProjects = 584 )

( ?title = "1.3 Million Brain Cells from E18 Mice" ) ( ?specimenCountProjects = "2"^^xsd:int )
( ?title = "A Single-Cell Transcriptomic Map of the Human and Mouse Pancreas Reveals Inter- and Intra-cell Population Structure" ) ( ?specimenCountProjects = "6"^^xsd:int )
( ?title = "A single-cell molecular map of mouse gastrulation and early organogenesis" ) ( ?specimenCountProjects = "26"^^xsd:int )
( ?title = "A single-cell reference map of transcriptional states for human blood and tissue T cell activation" ) ( ?specimenCountProjects = "16"^^xsd:int )
( ?title = "A single-cell transcriptome atlas of the adult human retina" ) ( ?specimenCountProjects = "3"^^xsd:int )
( ?title = "Assessing the relevance of organoids to model inter-individual variation" ) ( ?specimenCountProjects = "4"^^xsd:int )
( ?title = "Bone marrow plasma cells from hip replacement surgeries" ) ( ?specimenCountProjects = "12"^^xsd:int )
( ?title = "Cell hashing with barcoded antibodies enables multiplexing and doublet detection for single cell genomics" ) ( ?specimenCountProjects = "8"^^xsd:int )
( ?title = "Census of Immune Cells" ) ( ?specimenCountProjects = "100"^^xsd:int )
( ?title = "Comparison, calibration, and benchmarking of high-throughput single cell RNA-Seq techniques for unbiased cell-type classification" ) ( ?specimenCountProjects = "2"^^xsd:int )
( ?title = "Dissecting the human liver cellular landscape by single cell RNA-seq reveals novel intrahepatic monocyte/ macrophage populations" ) ( ?specimenCountProjects = "5"^^xsd:int )
( ?title = "Ischaemic sensitivity of human tissue by single cell RNA seq" ) ( ?specimenCountProjects = "100"^^xsd:int )
( ?title = "Melanoma infiltration of stromal and immune cells" ) ( ?specimenCountProjects = "54"^^xsd:int )
( ?title = "Precursors of human CD4+ cytotoxic T lymphocytes identified by single-cell transcriptome analysis" ) ( ?specimenCountProjects = "28"^^xsd:int )
( ?title = "Profiling of CD34+ cells from human bone marrow to understand hematopoiesis" ) ( ?specimenCountProjects = "3"^^xsd:int )
( ?title = "Reconstructing the human first trimester fetal-maternal interface using single cell transcriptomics" ) ( ?specimenCountProjects = "22"^^xsd:int )
( ?title = "Single Cell Transcriptomics of a Human Kidney Allograft Biopsy Defines a Diverse Inflammatory Response" ) ( ?specimenCountProjects = "1"^^xsd:int )
( ?title = "Single cell profiling of human induced dendritic cells generated by direct reprogramming of embryonic fibroblasts" ) ( ?specimenCountProjects = "1"^^xsd:int )
( ?title = "Single cell transcriptome analysis of human pancreas reveals transcriptional signatures of aging and somatic mutation patterns." ) ( ?specimenCountProjects = "8"^^xsd:int )
( ?title = "Single-cell RNA-seq analysis  throughout a 125-day differentiation protocol that converted H1 human embryonic stem cells to a variety of ventrally-derived cell types." ) ( ?specimenCountProjects = "1"^^xsd:int )
( ?title = "Single-cell RNA-seq analysis of human pancreas from healthy individuals and type 2 diabetes patients" ) ( ?specimenCountProjects = "10"^^xsd:int )
( ?title = "Spatio-temporal immune zonation of the human kidney" ) ( ?specimenCountProjects = "15"^^xsd:int )
( ?title = "Structural Remodeling of the Human Colonic Mesenchyme in Inflammatory Bowel Disease" ) ( ?specimenCountProjects = "19"^^xsd:int )
( ?title = "Systematic comparative analysis of single cell RNA-sequencing methods" ) ( ?specimenCountProjects = "4"^^xsd:int )
( ?title = "Tabula Muris: Transcriptomic characterization of 20 organs and tissues from Mus musculus at single cell resolution" ) ( ?specimenCountProjects = "100"^^xsd:int )
( ?title = "The Single Cell Transcriptomic Landscape of Early Human Diabetic Nephropathy" ) ( ?specimenCountProjects = "6"^^xsd:int )
( ?title = "The emergent landscape of the mouse gut endoderm at single-cell resolution" ) ( ?specimenCountProjects = "21"^^xsd:int )
( ?title = "Transcriptomic classification of human retinal cell types with single-nuclei RNA-seq." ) ( ?specimenCountProjects = "7"^^xsd:int )

------------------------
1.4. Número de células
------------------------

( ?numberOfCellsProject = 4.535231 )
( ?numberOfCellsSpecimen = 4.594979 )

------------------------
1.5. Tamaño total de ficheros
------------------------

( ?totalSizeProjects = 30.186518642013652e0 )
( ?totalSizeSpecimens = 31.087527180166035e0 )

------------------------
1.6. Número de órganos
------------------------

( ?numberOfOrgansProject = 20 )
( ?numberOfOrgansSpecimen = 20 )

------------------------
1.7. Número de células por objeto de estudio
------------------------

( ?object = <AdiposeTissue> ) ( ?numTotalCells = 5.862 )
( ?object = <Bladder> ) ( ?numTotalCells = 1.638 )
( ?object = <Blood> ) ( ?numTotalCells = 320.769 )
( ?object = <BoneTissue> ) ( ?numTotalCells = 5.355 )
( ?object = <Brain> ) ( ?numTotalCells = 1355.736 )
( ?object = <Colon> ) ( ?numTotalCells = 16.893 )
( ?object = <Diaphragm> ) ( ?numTotalCells = 0.951 )
( ?object = <Embryo> ) ( ?numTotalCells = 366.172 )
( ?object = <Endoderm> ) ( ?numTotalCells = 54.166 )
( ?object = <Esophagus> ) ( ?numTotalCells = 93.267 )
( ?object = <Eye> ) ( ?numTotalCells = 274.8 )
( ?object = <Heart> ) ( ?numTotalCells = 7.115 )
( ?object = <HematopoieticSystem> ) ( ?numTotalCells = 1489.5 )
( ?object = <ImmuneSystem> ) ( ?numTotalCells = 274.182 )
( ?object = <Kidney> ) ( ?numTotalCells = 34.865 )
( ?object = <LargeIntestine> ) ( ?numTotalCells = 4.149 )
( ?object = <Liver> ) ( ?numTotalCells = 30.981 )
( ?object = <Lung> ) ( ?numTotalCells = 41.948 )
( ?object = <LymphNode> ) ( ?numTotalCells = 3.274 )
( ?object = <MammaryGland> ) ( ?numTotalCells = 2.663 )
( ?object = <Muscle> ) ( ?numTotalCells = 1.151 )
( ?object = <Pancreas> ) ( ?numTotalCells = 20.423 )
( ?object = <PresumptiveGut> ) ( ?numTotalCells = 30.952 )
( ?object = <Skin> ) ( ?numTotalCells = 82.308 )
( ?object = <Spleen> ) ( ?numTotalCells = 68.271 )
( ?object = <Thymus> ) ( ?numTotalCells = 1.58 )
( ?object = <Tongue> ) ( ?numTotalCells = 1.432 )
( ?object = <Trachea> ) ( ?numTotalCells = 1.391 )
( ?object = <Tumor> ) ( ?numTotalCells = 3.185 )

------------------------
1.8. Número de células por proyecto
------------------------

( ?project = "1.3 Million Brain Cells from E18 Mice" ) ( ?numTotalCells = 1330.0 )
( ?project = "A Single-Cell Transcriptomic Map of the Human and Mouse Pancreas Reveals Inter- and Intra-cell Population Structure" ) ( ?numTotalCells = 12.404 )
( ?project = "A single-cell molecular map of mouse gastrulation and early organogenesis" ) ( ?numTotalCells = 339.089 )
( ?project = "A single-cell transcriptome atlas of the adult human retina" ) ( ?numTotalCells = 44.0 )
( ?project = "Assessing the relevance of organoids to model inter-individual variation" ) ( ?numTotalCells = 19.916 )
( ?project = "Bone marrow plasma cells from hip replacement surgeries" ) ( ?numTotalCells = 9.5 )
( ?project = "Cell hashing with barcoded antibodies enables multiplexing and doublet detection for single cell genomics" ) ( ?numTotalCells = 20.0 )
( ?project = "Census of Immune Cells" ) ( ?numTotalCells = 528.092 )
( ?project = "Dissecting the human liver cellular landscape by single cell RNA-seq reveals novel intrahepatic monocyte/ macrophage populations" ) ( ?numTotalCells = 30.0 )
( ?project = "Ischaemic sensitivity of human tissue by single cell RNA seq" ) ( ?numTotalCells = 199.845 )
( ?project = "Melanoma infiltration of stromal and immune cells" ) ( ?numTotalCells = 6.639 )
( ?project = "Precursors of human CD4+ cytotoxic T lymphocytes identified by single-cell transcriptome analysis" ) ( ?numTotalCells = 2.244 )
( ?project = "Profiling of CD34+ cells from human bone marrow to understand hematopoiesis" ) ( ?numTotalCells = 1480.0 )
( ?project = "Single Cell Transcriptomics of a Human Kidney Allograft Biopsy Defines a Diverse Inflammatory Response" ) ( ?numTotalCells = 4.0 )
( ?project = "Single cell transcriptome analysis of human pancreas reveals transcriptional signatures of aging and somatic mutation patterns." ) ( ?numTotalCells = 2.544 )
( ?project = "Single-cell RNA-seq analysis of human pancreas from healthy individuals and type 2 diabetes patients" ) ( ?numTotalCells = 3.514 )
( ?project = "Structural Remodeling of the Human Colonic Mesenchyme in Inflammatory Bowel Disease" ) ( ?numTotalCells = 16.893 )
( ?project = "Systematic comparative analysis of single cell RNA-sequencing methods" ) ( ?numTotalCells = 59.79 )
( ?project = "Tabula Muris: Transcriptomic characterization of 20 organs and tissues from Mus musculus at single cell resolution" ) ( ?numTotalCells = 53.76 )
( ?project = "The Single Cell Transcriptomic Landscape of Early Human Diabetic Nephropathy" ) ( ?numTotalCells = 30.0 )
( ?project = "The emergent landscape of the mouse gut endoderm at single-cell resolution" ) ( ?numTotalCells = 112.201 )
( ?project = "Transcriptomic classification of human retinal cell types with single-nuclei RNA-seq." ) ( ?numTotalCells = 230.8 )

------------------------
2.1.1. ¿Cuál es el instrumento, el tipo de librería y el protocolo de análisis más utilizados en este repositorio?
------------------------

( ?instrument = <IlluminaNovaSeq6000> ) ( ?numberOfOccurrences = 250 )
( ?library = <Smart-seq2> ) ( ?numberOfOccurrences = 337 )
( ?protocol = <Optimus_v1.3.2> ) ( ?numberOfOccurrences = 142 )

------------------------
2.1.2. ¿De cuántos proyectos tenemos disponibles modelos de órganos y de qué órganos se trata?
------------------------

( ?numberOfProjectsWithModels = 8 )

( ?model = <ImmuneSystem> ) ( ?numberOfOccurrences = 1 )
( ?model = <Heart> ) ( ?numberOfOccurrences = 1 )
( ?model = <HematopoieticSystem> ) ( ?numberOfOccurrences = 1 )
( ?model = <Blood> ) ( ?numberOfOccurrences = 1 )
( ?model = <Brain> ) ( ?numberOfOccurrences = 2 )
( ?model = <StemCell> ) ( ?numberOfOccurrences = 2 )

------------------------
2.1.3. ¿De cuántos proyectos tenemos disponibles datos de líneas celulares?
------------------------

( ?numberOfProjectsWithCellLine = 7 )

------------------------
2.1.4. ¿Cuál es el proyecto que tiene un mayor número de donantes asociado? ¿y el mayor número de cell counts?
------------------------

( ?project = "A single-cell molecular map of mouse gastrulation and early organogenesis" ) ( ?donors = "63"^^xsd:int )
( ?project = "Profiling of CD34+ cells from human bone marrow to understand hematopoiesis" ) ( ?cells = "1480000"^^xsd:int )

------------------------
2.2.4. ¿Sobre qué enfermedades puedo encontrar datos de single-cell para embrión de Homo Sapiens?
------------------------

( ?disease = <Normal> )

------------------------
2.2.5. ¿y Mus Musculus?
------------------------

( ?disease = <Normal> )

------------------------
2.2.6. ¿Tenemos datos de single-cell disponibles para un tipo de célula que sea específico de decidua y placenta?
------------------------



------------------------
3.1.1. Si me interesa como "órgano" de estudio blood, ¿de qué tipos celulares hay datos de single-cell disponibles en HCA?
------------------------

Busqueda a nivel de proyecto:
( ?cellType = <Tcell> )
( ?cellType = <Live> )
( ?cellType = <MyeloidCell> )
( ?cellType = <Epcam+> )
( ?cellType = <Leukocyte> )
( ?cellType = <HLAG+> )
( ?cellType = <NaturalKillerCell> )
( ?cellType = <CD45-> )
( ?cellType = <PeripheralBloodMononuclearCell> )
( ?cellType = <CordBloodHematopoieticStemCell> )
( ?cellType = <BoneMarrowHematopoieticCell> )
( ?cellType = <CD8-positive_Alpha-betaTCell> )
( ?cellType = <EffectorMemoryCD8-positive_Alpha-betaTCell_TerminallyDifferentiated> )
( ?cellType = <MononuclearCell> )

Busqueda a nivel de espécimen:
( ?cellType = <CordBloodHematopoieticStemCell> )
( ?cellType = <PeripheralBloodMononuclearCell> )
( ?cellType = <MyeloidCell> )
( ?cellType = <NaturalKillerCell> )
( ?cellType = <Tcell> )
( ?cellType = <EffectorMemoryCD8-positive_Alpha-betaTCell_TerminallyDifferentiated> )
( ?cellType = <CD8-positive_Alpha-betaTCell> )
( ?cellType = <MononuclearCell> )

------------------------
3.1.2. Interés en el "órgano" immune system, ¿de qué tipos celulares hay datos de single-cell disponibles en HCA?
------------------------

Busqueda a nivel de proyecto:
( ?cellType = <CordBloodHematopoieticStemCell> )
( ?cellType = <BoneMarrowHematopoieticCell> )

Busqueda a nivel de espécimen:
( ?cellType = <BoneMarrowHematopoieticCell> )

------------------------
3.1.3. ¿Qué tipos celulares son coincidentes entre ambos órganos?
------------------------

Busqueda a nivel de proyecto:
( ?cellType = <CordBloodHematopoieticStemCell> )
( ?cellType = <BoneMarrowHematopoieticCell> )

Busqueda a nivel de espécimen:

------------------------
3.2.1. Partes del riñón.
------------------------

( ?kidneyParts = <CortexOfKidney> )
( ?kidneyParts = <RenalMedulla> )
( ?kidneyParts = <RenalPelvis> )

------------------------
3.2.2. Partes del cerebro.
------------------------

( ?brainParts = <Cortex> )

------------------------
3.3.1. ¿De qué tipos celulares tendríamos disponibles datos de single-cell cuyo tipo celular pertenezca a la clase leukocytes?.
------------------------

( ?cellType = <PlasmaCell> )
( ?cellType = <CD11c+DC> )
( ?cellType = <CD8-positive_Alpha-betaTCell> )
( ?cellType = <Splenocyte> )
( ?cellType = <NaturalKillerCell> )
( ?cellType = <Tcell> )
( ?cellType = <BCell> )
( ?cellType = <EffectorMemoryCD8-positive_Alpha-betaTCell_TerminallyDifferentiated> )
( ?cellType = <Leukocyte> )
( ?cellType = <CD11b+Macrophages/Monocytes> )
( ?cellType = <PeripheralBloodMononuclearCell> )
( ?cellType = <InnateLymphoidCell> )
( ?cellType = <CD11b+CD11c+DC> )
( ?cellType = <Monocyte> )
( ?cellType = <CD4+TCell> )

------------------------
3.3.2. ¿De qué especies tengo datos de single-cell que pertenezcan al reino Plants?
------------------------

( ?plantSpecie = <ArabidopsisThaliana> )

------------------------
3.3.3. ¿De cuántos especímenes tenemos disponibles datos de single-cell cuyos donantes (especímenes, indistintamente) tengan la edad expresada en días?
------------------------

( ?specimensWithAgeInDays = 2 )

------------------------
3.3.4. ¿De qué SampleType se trata?
------------------------

( ?sampleType = <Specimens> )

------------------------
3.3.5. ¿De cuántos especímenes disponemos los metadatos, la matriz y los resultados?
------------------------

( ?numProyects = 3 )

------------------------
3.3.6. ¿Cuál son las partes del organismo?
------------------------

( ?object = <Decidua> ) ( ?numProjects = 1 )
( ?object = <Embryo> ) ( ?numProjects = 1 )
( ?object = <Blood> ) ( ?numProjects = 1 )
( ?object = <Pancreas> ) ( ?numProjects = 1 )
( ?object = <Placenta> ) ( ?numProjects = 1 )

------------------------
3.3.7. ¿De qué enfermedades tenemos disponible datos de single-cell donde el "órgano" afectado sea el corazón o, directamente, el sistema circulatorio? ¿Cuáles son estas enfermedades?
------------------------

( ?disease = <PericardialEffusion> )
( ?disease = <CardiacArrest> )
( ?disease = <VentricularTachycardia> )

------------------------
3.3.8. ¿Qué proyectos tenemos donde los especímenes estén afectados por una enfermedad clasificada como metabólica y hereditaria?
------------------------

( ?proyect = "Reconstructing the human first trimester fetal-maternal interface using single cell transcriptomics" ) ( ?diseaseStatus = <OrofaciodigitalSyndromeVIII> )
( ?proyect = "The Single Cell Transcriptomic Landscape of Early Human Diabetic Nephropathy" ) ( ?diseaseStatus = <HereditaryHemochromatosis> )
( ?proyect = "The Single Cell Transcriptomic Landscape of Early Human Diabetic Nephropathy" ) ( ?diseaseStatus = <SyndromicDyslipidemia> )

------------------------
3.3.9. ¿Qué órgano se encuentra afectado según nuestra ontología?
------------------------


------------------------
3.3.10. ¿De qué sistema forma parte?
------------------------


------------------------
3.3.11. ¿Cuál es la institución que más proyectos tiene y cuál es su principal órgano estudiado?
------------------------

( ?institution = "EMBL-EBI" ) ( ?numberOfProyects = 13 )

( ?organ = <Blood> ) ( ?numberOfProyects = 3 )

------------------------
3.3.12. ¿Cuál es el órgano para el cual tenemos un mayor número de enfermedades estudiadas?
------------------------

( ?organismPart = <Kidney> ) ( ?numberOfDiseases = 4 )

( ?disease = <HemolyticUremicSyndrome> )
( ?disease = <AcuteKidneyTubularNecrosis> )
( ?disease = <EndStageRenalFailure> )
( ?disease = <KidneyCancer> )
